2023-05-16 12:19:24 DEBUG TelegramBot:30 - /start
2023-05-16 12:19:35 DEBUG TelegramBot:30 - /start
2023-05-16 12:19:36 DEBUG TelegramBot:30 - /start
2023-05-16 12:19:41 DEBUG TelegramBot:30 - sdfdsfdsfs
2023-05-16 12:21:27 DEBUG TelegramBot:30 - hgfdsdfghgfsd
2023-05-16 13:22:24 DEBUG TelegramBot:32 - nbfsddff
2023-05-16 13:22:31 DEBUG TelegramBot:32 - dfghjkl
2023-05-16 14:18:00 DEBUG TelegramBot:32 - dfghjklkjhgfdsdfghjkjhtre
2023-05-17 11:41:57 DEBUG TelegramBot:40 - sdfsdf
2023-05-17 11:42:14 DEBUG TelegramBot:40 - 
2023-05-23 17:49:17 DEBUG TelegramBot:40 - asdasdasd
2023-05-23 17:49:22 DEBUG TelegramBot:40 - jhgfdshgfds
2023-05-23 17:49:26 DEBUG TelegramBot:40 - sdf
2023-05-23 17:49:40 DEBUG TelegramBot:40 - ere
2023-05-23 20:21:56 DEBUG UpdateProducerImpl:13 - ывавы
2023-05-23 20:22:10 DEBUG UpdateProducerImpl:13 - ываываыва
2023-05-23 20:25:20 DEBUG UpdateProducerImpl:13 - ываыв
2023-05-23 20:26:08 DEBUG UpdateProducerImpl:13 - ываываыва
2023-05-23 20:26:08 ERROR UpdateController:40 - Unsupported message type is received: Update(updateId=484788335, message=null, inlineQuery=null, chosenInlineQuery=null, callbackQuery=null, editedMessage=Message(messageId=55, messageThreadId=null, from=User(id=731820134, firstName=Ruf, isBot=false, lastName=null, userName=Rufaton, languageCode=ru, canJoinGroups=null, canReadAllGroupMessages=null, supportInlineQueries=null, isPremium=null, addedToAttachmentMenu=null), date=1684862742, chat=Chat(id=731820134, type=private, title=null, firstName=Ruf, lastName=null, userName=Rufaton, photo=null, description=null, inviteLink=null, pinnedMessage=null, stickerSetName=null, canSetStickerSet=null, permissions=null, slowModeDelay=null, bio=null, linkedChatId=null, location=null, messageAutoDeleteTime=null, hasPrivateForwards=null, HasProtectedContent=null, joinToSendMessages=null, joinByRequest=null, hasRestrictedVoiceAndVideoMessages=null, isForum=null, activeUsernames=null, emojiStatusCustomEmojiId=null, hasAggressiveAntiSpamEnabled=null, hasHiddenMembers=null), forwardFrom=null, forwardFromChat=null, forwardDate=null, text=ываываываку, entities=null, captionEntities=null, audio=null, document=null, photo=null, sticker=null, video=null, contact=null, location=null, venue=null, animation=null, pinnedMessage=null, newChatMembers=[], leftChatMember=null, newChatTitle=null, newChatPhoto=null, deleteChatPhoto=null, groupchatCreated=null, replyToMessage=null, voice=null, caption=null, superGroupCreated=null, channelChatCreated=null, migrateToChatId=null, migrateFromChatId=null, editDate=1684862760, game=null, forwardFromMessageId=null, invoice=null, successfulPayment=null, videoNote=null, authorSignature=null, forwardSignature=null, mediaGroupId=null, connectedWebsite=null, passportData=null, forwardSenderName=null, poll=null, replyMarkup=null, dice=null, viaBot=null, senderChat=null, proximityAlertTriggered=null, messageAutoDeleteTimerChanged=null, isAutomaticForward=null, hasProtectedContent=null, webAppData=null, videoChatStarted=null, videoChatEnded=null, videoChatParticipantsInvited=null, videoChatScheduled=null, isTopicMessage=null, forumTopicCreated=null, forumTopicClosed=null, forumTopicReopened=null, forumTopicEdited=null, generalForumTopicHidden=null, generalForumTopicUnhidden=null, writeAccessAllowed=null, hasMediaSpoiler=null, userShared=null, chatShared=null), channelPost=null, editedChannelPost=null, shippingQuery=null, preCheckoutQuery=null, poll=null, pollAnswer=null, myChatMember=null, chatMember=null, chatJoinRequest=null)
2023-05-23 20:26:17 ERROR UpdateController:40 - Unsupported message type is received: Update(updateId=484788336, message=null, inlineQuery=null, chosenInlineQuery=null, callbackQuery=null, editedMessage=Message(messageId=55, messageThreadId=null, from=User(id=731820134, firstName=Ruf, isBot=false, lastName=null, userName=Rufaton, languageCode=ru, canJoinGroups=null, canReadAllGroupMessages=null, supportInlineQueries=null, isPremium=null, addedToAttachmentMenu=null), date=1684862742, chat=Chat(id=731820134, type=private, title=null, firstName=Ruf, lastName=null, userName=Rufaton, photo=null, description=null, inviteLink=null, pinnedMessage=null, stickerSetName=null, canSetStickerSet=null, permissions=null, slowModeDelay=null, bio=null, linkedChatId=null, location=null, messageAutoDeleteTime=null, hasPrivateForwards=null, HasProtectedContent=null, joinToSendMessages=null, joinByRequest=null, hasRestrictedVoiceAndVideoMessages=null, isForum=null, activeUsernames=null, emojiStatusCustomEmojiId=null, hasAggressiveAntiSpamEnabled=null, hasHiddenMembers=null), forwardFrom=null, forwardFromChat=null, forwardDate=null, text=ываываывакуцук, entities=null, captionEntities=null, audio=null, document=null, photo=null, sticker=null, video=null, contact=null, location=null, venue=null, animation=null, pinnedMessage=null, newChatMembers=[], leftChatMember=null, newChatTitle=null, newChatPhoto=null, deleteChatPhoto=null, groupchatCreated=null, replyToMessage=null, voice=null, caption=null, superGroupCreated=null, channelChatCreated=null, migrateToChatId=null, migrateFromChatId=null, editDate=1684862775, game=null, forwardFromMessageId=null, invoice=null, successfulPayment=null, videoNote=null, authorSignature=null, forwardSignature=null, mediaGroupId=null, connectedWebsite=null, passportData=null, forwardSenderName=null, poll=null, replyMarkup=null, dice=null, viaBot=null, senderChat=null, proximityAlertTriggered=null, messageAutoDeleteTimerChanged=null, isAutomaticForward=null, hasProtectedContent=null, webAppData=null, videoChatStarted=null, videoChatEnded=null, videoChatParticipantsInvited=null, videoChatScheduled=null, isTopicMessage=null, forumTopicCreated=null, forumTopicClosed=null, forumTopicReopened=null, forumTopicEdited=null, generalForumTopicHidden=null, generalForumTopicUnhidden=null, writeAccessAllowed=null, hasMediaSpoiler=null, userShared=null, chatShared=null), channelPost=null, editedChannelPost=null, shippingQuery=null, preCheckoutQuery=null, poll=null, pollAnswer=null, myChatMember=null, chatMember=null, chatJoinRequest=null)
2023-05-23 20:26:37 ERROR UpdateController:40 - Unsupported message type is received: Update(updateId=484788337, message=null, inlineQuery=null, chosenInlineQuery=null, callbackQuery=null, editedMessage=Message(messageId=55, messageThreadId=null, from=User(id=731820134, firstName=Ruf, isBot=false, lastName=null, userName=Rufaton, languageCode=ru, canJoinGroups=null, canReadAllGroupMessages=null, supportInlineQueries=null, isPremium=null, addedToAttachmentMenu=null), date=1684862742, chat=Chat(id=731820134, type=private, title=null, firstName=Ruf, lastName=null, userName=Rufaton, photo=null, description=null, inviteLink=null, pinnedMessage=null, stickerSetName=null, canSetStickerSet=null, permissions=null, slowModeDelay=null, bio=null, linkedChatId=null, location=null, messageAutoDeleteTime=null, hasPrivateForwards=null, HasProtectedContent=null, joinToSendMessages=null, joinByRequest=null, hasRestrictedVoiceAndVideoMessages=null, isForum=null, activeUsernames=null, emojiStatusCustomEmojiId=null, hasAggressiveAntiSpamEnabled=null, hasHiddenMembers=null), forwardFrom=null, forwardFromChat=null, forwardDate=null, text=ываываывакуцукыва, entities=null, captionEntities=null, audio=null, document=null, photo=null, sticker=null, video=null, contact=null, location=null, venue=null, animation=null, pinnedMessage=null, newChatMembers=[], leftChatMember=null, newChatTitle=null, newChatPhoto=null, deleteChatPhoto=null, groupchatCreated=null, replyToMessage=null, voice=null, caption=null, superGroupCreated=null, channelChatCreated=null, migrateToChatId=null, migrateFromChatId=null, editDate=1684862796, game=null, forwardFromMessageId=null, invoice=null, successfulPayment=null, videoNote=null, authorSignature=null, forwardSignature=null, mediaGroupId=null, connectedWebsite=null, passportData=null, forwardSenderName=null, poll=null, replyMarkup=null, dice=null, viaBot=null, senderChat=null, proximityAlertTriggered=null, messageAutoDeleteTimerChanged=null, isAutomaticForward=null, hasProtectedContent=null, webAppData=null, videoChatStarted=null, videoChatEnded=null, videoChatParticipantsInvited=null, videoChatScheduled=null, isTopicMessage=null, forumTopicCreated=null, forumTopicClosed=null, forumTopicReopened=null, forumTopicEdited=null, generalForumTopicHidden=null, generalForumTopicUnhidden=null, writeAccessAllowed=null, hasMediaSpoiler=null, userShared=null, chatShared=null), channelPost=null, editedChannelPost=null, shippingQuery=null, preCheckoutQuery=null, poll=null, pollAnswer=null, myChatMember=null, chatMember=null, chatJoinRequest=null)
2023-05-23 20:30:41 DEBUG UpdateProducerImpl:13 - 
2023-05-23 20:31:55 DEBUG UpdateProducerImpl:13 - 
2023-05-23 20:31:59 DEBUG UpdateProducerImpl:13 - 
2023-05-23 20:32:08 DEBUG UpdateProducerImpl:13 - 
2023-05-23 20:32:52 DEBUG UpdateProducerImpl:13 - 
2023-05-23 20:33:21 DEBUG UpdateProducerImpl:13 - 
2023-05-23 20:34:08 DEBUG UpdateProducerImpl:13 - 
2023-05-23 20:37:25 DEBUG UpdateProducerImpl:13 - 
2023-05-23 20:37:30 DEBUG UpdateProducerImpl:13 - 
2023-05-23 20:37:35 DEBUG UpdateProducerImpl:13 - 
2023-05-23 20:38:02 DEBUG UpdateProducerImpl:13 - 
2023-05-23 20:38:09 DEBUG UpdateProducerImpl:13 - 
2023-05-23 21:16:13 DEBUG UpdateProducerImpl:20 - /start
2023-05-23 21:16:55 DEBUG UpdateProducerImpl:20 - sdfsdfs
2023-05-23 21:17:35 DEBUG UpdateProducerImpl:20 - dfgdfg
2023-05-25 16:23:23 DEBUG UpdateProducerImpl:20 - укеуке
2023-05-25 16:25:38 DEBUG UpdateProducerImpl:20 - ыва
2023-05-25 16:51:02 DEBUG UpdateProducerImpl:20 - asdsd
2023-05-25 17:54:48 DEBUG UpdateProducerImpl:20 - ssddddddd
2023-05-25 17:55:04 DEBUG UpdateProducerImpl:20 - asd
2023-05-26 01:13:56 DEBUG UpdateProducerImpl:20 - sfsdfsdfs
2023-05-26 01:14:40 DEBUG UpdateProducerImpl:20 - sddfs
2023-05-26 01:20:39 DEBUG UpdateProducerImpl:20 - sddfsdfsfs
2023-05-26 02:14:30 ERROR UpdateController:40 - Unsupported message type is received: Update(updateId=484788359, message=null, inlineQuery=null, chosenInlineQuery=null, callbackQuery=null, editedMessage=null, channelPost=null, editedChannelPost=null, shippingQuery=null, preCheckoutQuery=null, poll=null, pollAnswer=null, myChatMember=ChatMemberUpdated(chat=Chat(id=731820134, type=private, title=null, firstName=Ruf, lastName=null, userName=Rufaton, photo=null, description=null, inviteLink=null, pinnedMessage=null, stickerSetName=null, canSetStickerSet=null, permissions=null, slowModeDelay=null, bio=null, linkedChatId=null, location=null, messageAutoDeleteTime=null, hasPrivateForwards=null, HasProtectedContent=null, joinToSendMessages=null, joinByRequest=null, hasRestrictedVoiceAndVideoMessages=null, isForum=null, activeUsernames=null, emojiStatusCustomEmojiId=null, hasAggressiveAntiSpamEnabled=null, hasHiddenMembers=null), from=User(id=731820134, firstName=Ruf, isBot=false, lastName=null, userName=Rufaton, languageCode=ru, canJoinGroups=null, canReadAllGroupMessages=null, supportInlineQueries=null, isPremium=null, addedToAttachmentMenu=null), date=1685056469, oldChatMember=ChatMemberMember(status=member, user=User(id=6203178172, firstName=testtesttest, isBot=true, lastName=null, userName=zalupabegemota_bot, languageCode=null, canJoinGroups=null, canReadAllGroupMessages=null, supportInlineQueries=null, isPremium=null, addedToAttachmentMenu=null)), newChatMember=ChatMemberBanned(status=kicked, user=User(id=6203178172, firstName=testtesttest, isBot=true, lastName=null, userName=zalupabegemota_bot, languageCode=null, canJoinGroups=null, canReadAllGroupMessages=null, supportInlineQueries=null, isPremium=null, addedToAttachmentMenu=null), untilDate=0), inviteLink=null), chatMember=null, chatJoinRequest=null)
2023-05-26 02:14:32 ERROR UpdateController:40 - Unsupported message type is received: Update(updateId=484788360, message=null, inlineQuery=null, chosenInlineQuery=null, callbackQuery=null, editedMessage=null, channelPost=null, editedChannelPost=null, shippingQuery=null, preCheckoutQuery=null, poll=null, pollAnswer=null, myChatMember=ChatMemberUpdated(chat=Chat(id=731820134, type=private, title=null, firstName=Ruf, lastName=null, userName=Rufaton, photo=null, description=null, inviteLink=null, pinnedMessage=null, stickerSetName=null, canSetStickerSet=null, permissions=null, slowModeDelay=null, bio=null, linkedChatId=null, location=null, messageAutoDeleteTime=null, hasPrivateForwards=null, HasProtectedContent=null, joinToSendMessages=null, joinByRequest=null, hasRestrictedVoiceAndVideoMessages=null, isForum=null, activeUsernames=null, emojiStatusCustomEmojiId=null, hasAggressiveAntiSpamEnabled=null, hasHiddenMembers=null), from=User(id=731820134, firstName=Ruf, isBot=false, lastName=null, userName=Rufaton, languageCode=ru, canJoinGroups=null, canReadAllGroupMessages=null, supportInlineQueries=null, isPremium=null, addedToAttachmentMenu=null), date=1685056471, oldChatMember=ChatMemberBanned(status=kicked, user=User(id=6203178172, firstName=testtesttest, isBot=true, lastName=null, userName=zalupabegemota_bot, languageCode=null, canJoinGroups=null, canReadAllGroupMessages=null, supportInlineQueries=null, isPremium=null, addedToAttachmentMenu=null), untilDate=0), newChatMember=ChatMemberMember(status=member, user=User(id=6203178172, firstName=testtesttest, isBot=true, lastName=null, userName=zalupabegemota_bot, languageCode=null, canJoinGroups=null, canReadAllGroupMessages=null, supportInlineQueries=null, isPremium=null, addedToAttachmentMenu=null)), inviteLink=null), chatMember=null, chatJoinRequest=null)
2023-05-26 02:14:32 DEBUG UpdateProducerImpl:20 - /start
2023-05-26 02:14:37 DEBUG UpdateProducerImpl:20 - /help
2023-05-26 02:14:48 DEBUG UpdateProducerImpl:20 - /registration
2023-05-26 02:15:03 DEBUG UpdateProducerImpl:20 - 
